0 info it worked if it ends with ok
1 verbose cli [ '/usr/local/bin/node', '/usr/local/bin/npm', 'start' ]
2 info using npm@3.3.12
3 info using node@v5.4.1
4 verbose run-script [ 'prestart', 'start', 'poststart' ]
5 info lifecycle amrapp2@0.0.0~prestart: amrapp2@0.0.0
6 silly lifecycle amrapp2@0.0.0~prestart: no script for prestart, continuing
7 info lifecycle amrapp2@0.0.0~start: amrapp2@0.0.0
8 verbose lifecycle amrapp2@0.0.0~start: unsafe-perm in lifecycle true
9 verbose lifecycle amrapp2@0.0.0~start: PATH: /usr/local/lib/node_modules/npm/bin/node-gyp-bin:/Users/dhruv/amrapp/node_modules/.bin:/Users/dhruv/anaconda3/bin:/Users/dhruv/anaconda/bin:/usr/local/sbin:/opt/local/bin:/opt/local/sbin:/usr/local/share/npm/bin:/usr/local/bin:/usr/bin:/bin:/usr/sbin:/sbin:/opt/X11/bin:/usr/local/go/bin:/usr/local/MacGPG2/bin:/Library/TeX/texbin:/bin:/Users/dhruv/go/bin
10 verbose lifecycle amrapp2@0.0.0~start: CWD: /Users/dhruv/amrapp
11 silly lifecycle amrapp2@0.0.0~start: Args: [ '-c', 'node ./bin/www' ]
12 silly lifecycle amrapp2@0.0.0~start: Returned: code: 1  signal: null
13 info lifecycle amrapp2@0.0.0~start: Failed to exec start script
14 verbose stack Error: amrapp2@0.0.0 start: `node ./bin/www`
14 verbose stack Exit status 1
14 verbose stack     at EventEmitter.<anonymous> (/usr/local/lib/node_modules/npm/lib/utils/lifecycle.js:232:16)
14 verbose stack     at emitTwo (events.js:87:13)
14 verbose stack     at EventEmitter.emit (events.js:172:7)
14 verbose stack     at ChildProcess.<anonymous> (/usr/local/lib/node_modules/npm/lib/utils/spawn.js:24:14)
14 verbose stack     at emitTwo (events.js:87:13)
14 verbose stack     at ChildProcess.emit (events.js:172:7)
14 verbose stack     at maybeClose (internal/child_process.js:821:16)
14 verbose stack     at Process.ChildProcess._handle.onexit (internal/child_process.js:211:5)
15 verbose pkgid amrapp2@0.0.0
16 verbose cwd /Users/dhruv/amrapp
17 error Darwin 15.4.0
18 error argv "/usr/local/bin/node" "/usr/local/bin/npm" "start"
19 error node v5.4.1
20 error npm  v3.3.12
21 error code ELIFECYCLE
22 error amrapp2@0.0.0 start: `node ./bin/www`
22 error Exit status 1
23 error Failed at the amrapp2@0.0.0 start script 'node ./bin/www'.
23 error Make sure you have the latest version of node.js and npm installed.
23 error If you do, this is most likely a problem with the amrapp2 package,
23 error not with npm itself.
23 error Tell the author that this fails on your system:
23 error     node ./bin/www
23 error You can get their info via:
23 error     npm owner ls amrapp2
23 error There is likely additional logging output above.
24 verbose exit [ 1, true ]
